
input # 0
pytorch model output:
[-0.29163736 -2.51189911  3.25079252  3.9597853  -5.02705471 -1.3090183
 -9.20636205 12.25158838 -1.20542461  1.33587144]
fixed model output in double:
[-0.46484375 -1.86914062  2.34765625  2.58691406 -3.66894531 -1.16210938
 -6.93945312  9.4375     -1.43554688  0.77734375]
fixed model output in fixed output:
[ -476 -1914  2404  2649 -3757 -1190 -7106  9664 -1470   796]



input # 1
pytorch model output:
[-0.35858861  2.4745772  11.60022671  4.87709448 -8.65702432  1.14479023
  0.94467697 -5.24744909  2.27209785 -7.35758562]
fixed model output in double:
[-0.50390625  1.85058594  8.73242188  3.66015625 -6.56738281  0.75585938
  0.44238281 -4.07128906  1.37011719 -5.78710938]
fixed model output in fixed output:
[ -516  1895  8942  3748 -6725   774   453 -4169  1403 -5926]



input # 2
pytorch model output:
[-5.56443597  7.6484614   0.84018454 -0.79851328 -0.19745494 -0.82426537
  0.1707036   1.84007721  0.9921184  -3.14216786]
fixed model output in double:
[-4.05078125  6.02441406  0.36132812 -0.93554688 -0.19921875 -0.87011719
  0.02441406  1.25488281  0.20410156 -2.27929688]
fixed model output in fixed output:
[-4148  6169   370  -958  -204  -891    25  1285   209 -2334]



input # 3
pytorch model output:
[10.20402617 -5.02702569  2.21403593 -1.68486547 -4.43632646 -0.11959143
  2.3518771   1.12969495 -3.12236942 -0.21201631]
fixed model output in double:
[ 7.61328125 -3.59472656  1.30566406 -1.61328125 -2.98632812 -0.36035156
  1.6875      0.56347656 -2.78027344 -0.16308594]
fixed model output in fixed output:
[ 7796 -3681  1337 -1652 -3058  -369  1728   577 -2847  -167]



input # 4
pytorch model output:
[-1.57979952 -4.18536334 -0.67390153 -3.7383691   9.5193602  -1.94624571
  0.1526577   0.88293116 -0.98264362  3.86188613]
fixed model output in double:
[-1.52148438 -3.00585938 -1.0078125  -3.03320312  7.33105469 -1.45117188
 -0.17480469  0.51660156 -1.12695312  3.08691406]
fixed model output in fixed output:
[-1558 -3078 -1032 -3106  7507 -1486  -179   529 -1154  3161]



input # 5
pytorch model output:
[-6.69033783  9.59384375 -0.21337416 -0.45462077  0.35624648 -2.66599898
 -2.05444487  3.9094452   1.12936801 -1.63942224]
fixed model output in double:
[-5.02246094  7.72851562 -0.34179688 -0.82128906  0.27832031 -2.15820312
 -1.375       2.59667969  0.32226562 -1.48339844]
fixed model output in fixed output:
[-5143  7914  -350  -841   285 -2210 -1408  2659   330 -1519]



input # 6
pytorch model output:
[-5.59090528 -3.28493423 -3.53436437 -2.98541212  9.74446689  1.30763706
 -1.49842109  0.48958724  4.12810182  2.82068852]
fixed model output in double:
[-4.37988281 -2.38964844 -2.80371094 -2.54882812  7.45703125  0.85058594
 -1.39648438  0.39453125  2.72167969  2.01855469]
fixed model output in fixed output:
[-4485 -2447 -2871 -2610  7636   871 -1430   404  2787  2067]



input # 7
pytorch model output:
[-4.19825629 -1.75576982  0.11321695  3.44591896  0.84103567 -1.01486721
 -6.96571409  2.90133399 -0.28055623  8.38134093]
fixed model output in double:
[-2.90625    -1.25488281 -0.16015625  2.32519531  0.46875    -0.94335938
 -5.29785156  2.32714844 -0.84179688  5.95898438]
fixed model output in fixed output:
[-2976 -1285  -164  2381   480  -966 -5425  2383  -862  6102]



input # 8
pytorch model output:
[-0.84802203 -3.53719231  0.20250003 -5.16732487  3.1778582   4.69217377
  5.22417978 -5.49060397  1.93785403  1.23181251]
fixed model output in double:
[-0.99804688 -2.65136719 -0.39453125 -3.97167969  2.52636719  3.31933594
  3.546875   -4.30566406  1.35546875  1.1171875 ]
fixed model output in fixed output:
[-1022 -2715  -404 -4067  2587  3399  3632 -4409  1388  1144]



input # 9
pytorch model output:
[-3.02712649 -6.82257049 -4.23893327 -0.33401357  6.69076941 -1.8749525
 -7.00136103  4.29599692  2.92652895 11.33636202]
fixed model output in double:
[-2.97460938 -4.96191406 -3.73925781 -0.45605469  5.54394531 -1.42578125
 -5.78320312  3.421875    1.61914062  8.72460938]
fixed model output in fixed output:
[-3046 -5081 -3829  -467  5677 -1460 -5922  3504  1658  8934]



input # 10
pytorch model output:
[12.49062578 -5.95920324  3.47262933 -2.64827193 -6.15960719  0.62049798
  1.99081853 -1.70824495 -2.11943715  1.14315859]
fixed model output in double:
[10.08789062 -4.65039062  2.59570312 -2.47070312 -4.57617188 -0.33398438
  1.61132812 -1.42773438 -2.00292969  0.84960938]
fixed model output in fixed output:
[10330 -4762  2658 -2530 -4686  -342  1650 -1462 -2051   870]


